<?xml version="1.0" encoding="UTF-8"?>
<!-- Generated by org.testng.reporters.JUnitReportReporter -->
<testsuite hostname="DESKTOP-G1F3SKE" failures="0" tests="3" name="TestRunner.SwiggyTestRunner" time="35.312" errors="0" timestamp="2022-07-31T06:16:06 GMT-04:00" skipped="0">
  <testcase classname="TestRunner.SwiggyTestRunner" name="runScenario" time="3.137"/>
  <system-out/>
  <testcase classname="TestRunner.SwiggyTestRunner" name="runScenario" time="19.669"/>
  <system-out/>
  <testcase classname="TestRunner.SwiggyTestRunner" name="runScenario" time="12.506"/>
  <system-out/>
</testsuite> <!-- TestRunner.SwiggyTestRunner -->
